########### array before sorts ###########
0	0.000000	12.065000	0.000000	15.875000	n
1	0.000000	15.875000	0.000000	42.545000	n
2	0.000000	42.545000	7.620000	50.165000	n
3	7.620000	50.165000	33.020000	50.165000	n
4	33.020000	50.165000	43.180000	40.005000	n
5	43.180000	40.005000	43.180000	13.335000	n
6	43.180000	13.335000	33.020000	3.175000	n
7	33.020000	3.175000	8.255000	3.175000	n
8	8.255000	3.175000	0.000000	11.430000	n
9	0.000000	11.430000	0.000000	12.065000	n
Tolerance=0.050000.
*Exact match for i=0 and j=1.
*i point 0.000000	12.065000	0.000000	15.875000	y
*Exact match for i=1 and j=2.
*i point 0.000000	15.875000	0.000000	42.545000	y
*Exact match for i=2 and j=3.
*i point 0.000000	42.545000	7.620000	50.165000	y
*Exact match for i=3 and j=4.
*i point 7.620000	50.165000	33.020000	50.165000	y
*Exact match for i=4 and j=5.
*i point 33.020000	50.165000	43.180000	40.005000	y
*Exact match for i=5 and j=6.
*i point 43.180000	40.005000	43.180000	13.335000	y
*Exact match for i=6 and j=7.
*i point 43.180000	13.335000	33.020000	3.175000	y
*Exact match for i=7 and j=8.
*i point 33.020000	3.175000	8.255000	3.175000	y
*Exact match for i=8 and j=9.
*i point 8.255000	3.175000	0.000000	11.430000	y
########### array after sorts ###########
0	0.000000	12.065000	0.000000	15.875000	y
1	0.000000	15.875000	0.000000	42.545000	y
2	0.000000	42.545000	7.620000	50.165000	y
3	7.620000	50.165000	33.020000	50.165000	y
4	33.020000	50.165000	43.180000	40.005000	y
5	43.180000	40.005000	43.180000	13.335000	y
6	43.180000	13.335000	33.020000	3.175000	y
7	33.020000	3.175000	8.255000	3.175000	y
8	8.255000	3.175000	0.000000	11.430000	y
9	0.000000	11.430000	0.000000	12.065000	y
***************
.BOARD_OUTLINE UNOWNED
1.6
0     0.000000     12.065000     0
0     0.000000     15.875000     0
0     0.000000     42.545000     0
0     7.620000     50.165000     0
0     33.020000     50.165000     0
0     43.180000     40.005000     0
0     43.180000     13.335000     0
0     33.020000     3.175000     0
0     8.255000     3.175000     0
0     0.000000     11.430000     0
0     0.000000     12.065000     0
